2023-01-06 18:03:59,915 [MainThread  ] [INFO ] Starting logging with logging module
2023-01-06 18:04:21,954 [MainThread  ] [INFO ] Starting logging with logging module
2023-01-06 18:14:45,666 [MainThread  ] [INFO ] Starting logging with logging module...
2023-01-06 18:16:38,940 [MainThread  ] [INFO ] [spam.mod2] Starting logging with logging module...
2023-01-06 18:16:57,653 [MainThread  ] [INFO ] [root] Starting logging with logging module...
2023-01-06 18:17:18,708 [MainThread  ] [INFO ] [root        ] Starting logging with logging module...
2023-01-06 18:17:48,164 [MainThread  ] [INFO ] {root} Starting logging with logging module...
2023-01-06 18:18:57,812 [MainThread  ] [INFO ] {root} Starting logging with logging module...
2023-01-06 18:21:29,380 [MainThread  ] [ERROR] {root} Starting logging with logging module...
2023-01-06 18:21:44,703 [MainThread  ] [CRITI] {root} Starting logging with logging module...
2023-01-06 18:35:27,633 [MainThread  ] [CRITI] {root} Starting logging with logging module...
2023-01-06 18:38:40,301 [MainThread  ] [CRITI] {root} Starting logging with logging module...
2023-01-06 18:39:27,362 [MainThread  ] [INFO ] {root} Starting logging with logging module...
2023-01-06 18:39:27,362 [MainThread  ] [WARNI] {root} Starting logging with logging module...
2023-01-06 18:39:27,362 [MainThread  ] [ERROR] {root} Starting logging with logging module...
2023-01-06 18:39:27,362 [MainThread  ] [CRITI] {root} Starting logging with logging module...
2023-01-06 18:39:45,178 [MainThread  ] [INFO ] {root} Starting logging with logging module...
2023-01-06 18:39:45,178 [MainThread  ] [WARNI] {root} Starting logging with logging module...
2023-01-06 18:39:45,178 [MainThread  ] [ERROR] {root} Starting logging with logging module...
2023-01-06 18:39:45,178 [MainThread  ] [CRITI] {root} Starting logging with logging module...
2023-01-06 18:40:18,208 [MainThread  ] [INFO] {root} Starting logging with logging module...
2023-01-06 18:40:18,208 [MainThread  ] [WARN] {root} Starting logging with logging module...
2023-01-06 18:40:18,208 [MainThread  ] [ERRO] {root} Starting logging with logging module...
2023-01-06 18:40:18,208 [MainThread  ] [CRIT] {root} Starting logging with logging module...
2023-01-06 18:40:44,039 [MainThread  ] [INFO] {root} Starting logging with logging module...
2023-01-06 18:40:44,039 [MainThread  ] [WARN] {root} Starting logging with logging module...
2023-01-06 18:40:44,039 [MainThread  ] [ERRO] {root} Starting logging with logging module...
2023-01-06 18:40:44,039 [MainThread  ] [CRIT] {root} Starting logging with logging module...
2023-01-06 18:50:02,507 [MainThread  ] [INFO] {ConfigLoader} Found config file: ./config/config.yaml
2023-01-06 18:50:41,433 [MainThread  ] [INFO] {ConfigLoader} Found config file: ./config/config.yaml
2023-01-06 18:50:41,436 [MainThread  ] [INFO] {ConfigLoader} Loaded configuration:
{'config': {'research': {'description': 'Based on the historical data of the '
                                        'Tesla stock prices and on other '
                                        'historical data of some quoted '
                                        'instruments (aka exogeneous '
                                        'variables).',
                         'name': 'Tesla Stock Price Time Series Prediction'}}}
2023-01-06 18:50:41,436 [MainThread  ] [INFO] {ConfigLoader} Loaded configuration models:
Config(research=Research(name='Tesla Stock Price Time Series Prediction', description='Based on the historical data of the Tesla stock prices and on other historical data of some quoted instruments (aka exogeneous variables).'))
2023-01-06 18:59:48,271 [MainThread  ] [INFO] {ConfigLoader} Found config file: ./config/config.yaml
2023-01-06 18:59:48,273 [MainThread  ] [INFO] {ConfigLoader} Loaded configuration:
{'config': {'research': {'description': 'Based on the historical data of the '
                                        'Tesla stock prices and on other '
                                        'historical data of some quoted '
                                        'instruments (aka exogeneous '
                                        'variables).',
                         'machine-learning': {'cross-validation-strategy': 'sliding-window',
                                              'split-time': datetime.date(2022, 12, 20),
                                              'time-range': {'begin-time': datetime.date(2021, 1, 1),
                                                             'end-time': datetime.date(2022, 12, 31)}},
                         'name': 'Tesla Stock Price Time Series Prediction'}}}
2023-01-06 19:07:16,500 [MainThread  ] [INFO] {ConfigLoader} Found config file: ./config/config.yaml
2023-01-06 19:07:16,503 [MainThread  ] [INFO] {ConfigLoader} Loaded configuration:
{'config': {'research': {'description': 'Based on the historical data of the '
                                        'Tesla stock prices and on other '
                                        'historical data of some quoted '
                                        'instruments (aka exogeneous '
                                        'variables).',
                         'machine_learning': {'cross_validation_strategy': 'sliding_window',
                                              'split_time': datetime.date(2022, 12, 20),
                                              'time_range': {'begin_time': datetime.date(2021, 1, 1),
                                                             'end_time': datetime.date(2022, 12, 31)}},
                         'name': 'Tesla Stock Price Time Series Prediction'}}}
2023-01-06 19:10:03,127 [MainThread  ] [INFO] {ConfigLoader} Found config file: ./config/config.yaml
2023-01-06 19:10:03,130 [MainThread  ] [INFO] {ConfigLoader} Loaded configuration:
{'config': {'research': {'description': 'Based on the historical data of the '
                                        'Tesla stock prices and on other '
                                        'historical data of some quoted '
                                        'instruments (aka exogeneous '
                                        'variables).',
                         'machine_learning': {'cross_validation_strategy': 'sliding_window',
                                              'split_time': datetime.datetime(2022, 12, 20, 10, 20, 30, 400000, tzinfo=datetime.timezone(datetime.timedelta(seconds=9000))),
                                              'time_range': {'begin_time': datetime.datetime(2021, 1, 1, 10, 20, 30, 400000, tzinfo=datetime.timezone(datetime.timedelta(seconds=9000))),
                                                             'end_time': datetime.datetime(2022, 12, 31, 10, 20, 30, 400000, tzinfo=datetime.timezone(datetime.timedelta(seconds=9000)))}},
                         'name': 'Tesla Stock Price Time Series Prediction'}}}
2023-01-06 19:10:03,130 [MainThread  ] [INFO] {ConfigLoader} Loaded configuration models:
Config(research=Research(name='Tesla Stock Price Time Series Prediction', description='Based on the historical data of the Tesla stock prices and on other historical data of some quoted instruments (aka exogeneous variables).', machine_learning=MachineLearning(time_range=TimeRange(begin_time=datetime.datetime(2021, 1, 1, 10, 20, 30, 400000, tzinfo=datetime.timezone(datetime.timedelta(seconds=9000))), end_time=datetime.datetime(2022, 12, 31, 10, 20, 30, 400000, tzinfo=datetime.timezone(datetime.timedelta(seconds=9000)))), split_time=datetime.datetime(2022, 12, 20, 10, 20, 30, 400000, tzinfo=datetime.timezone(datetime.timedelta(seconds=9000))), cross_validation_strategy='sliding_window')))
2023-01-06 19:10:41,399 [MainThread  ] [INFO] {ConfigLoader} Found config file: ./config/config.yaml
2023-01-06 19:10:41,402 [MainThread  ] [INFO] {ConfigLoader} Loaded configuration:
{'config': {'research': {'description': 'Based on the historical data of the '
                                        'Tesla stock prices and on other '
                                        'historical data of some quoted '
                                        'instruments (aka exogeneous '
                                        'variables).',
                         'machine_learning': {'cross_validation_strategy': 'sliding_window',
                                              'split_time': datetime.datetime(2022, 12, 20, 10, 20, 30, 400000),
                                              'time_range': {'begin_time': datetime.datetime(2021, 1, 1, 0, 0),
                                                             'end_time': datetime.datetime(2022, 12, 31, 10, 20, 30, 400000)}},
                         'name': 'Tesla Stock Price Time Series Prediction'}}}
2023-01-06 19:10:41,402 [MainThread  ] [INFO] {ConfigLoader} Loaded configuration models:
Config(research=Research(name='Tesla Stock Price Time Series Prediction', description='Based on the historical data of the Tesla stock prices and on other historical data of some quoted instruments (aka exogeneous variables).', machine_learning=MachineLearning(time_range=TimeRange(begin_time=datetime.datetime(2021, 1, 1, 0, 0), end_time=datetime.datetime(2022, 12, 31, 10, 20, 30, 400000)), split_time=datetime.datetime(2022, 12, 20, 10, 20, 30, 400000), cross_validation_strategy='sliding_window')))
2023-01-06 19:10:52,245 [MainThread  ] [INFO] {ConfigLoader} Found config file: ./config/config.yaml
2023-01-06 19:10:52,248 [MainThread  ] [INFO] {ConfigLoader} Loaded configuration:
{'config': {'research': {'description': 'Based on the historical data of the '
                                        'Tesla stock prices and on other '
                                        'historical data of some quoted '
                                        'instruments (aka exogeneous '
                                        'variables).',
                         'machine_learning': {'cross_validation_strategy': 'sliding_window',
                                              'split_time': datetime.datetime(2022, 12, 20, 10, 20, 30, 400000),
                                              'time_range': {'begin_time': datetime.datetime(2021, 1, 1, 0, 0),
                                                             'end_time': datetime.datetime(2022, 12, 31, 10, 20, 30, 400000)}},
                         'name': 'Tesla Stock Price Time Series Prediction'}}}
2023-01-06 19:10:52,248 [MainThread  ] [INFO] {ConfigLoader} Loaded configuration models:
Config(research=Research(name='Tesla Stock Price Time Series Prediction', description='Based on the historical data of the Tesla stock prices and on other historical data of some quoted instruments (aka exogeneous variables).', machine_learning=MachineLearning(time_range=TimeRange(begin_time=datetime.datetime(2021, 1, 1, 0, 0), end_time=datetime.datetime(2022, 12, 31, 10, 20, 30, 400000)), split_time=datetime.datetime(2022, 12, 20, 10, 20, 30, 400000), cross_validation_strategy='sliding_window')))
2023-01-06 19:13:18,784 [MainThread  ] [INFO] {ConfigLoader} Found config file: ./config/config.yaml
2023-01-06 19:13:18,789 [MainThread  ] [INFO] {ConfigLoader} Loaded configuration:
{'config': {'research': {'description': 'Based on the historical data of the '
                                        'Tesla stock prices and on other '
                                        'historical data of some quoted '
                                        'instruments (aka exogeneous '
                                        'variables).',
                         'machine_learning': {'cross_validation_strategy': 'sliding_window',
                                              'split_time': datetime.datetime(2022, 12, 20, 0, 0),
                                              'time_range': {'begin_time': datetime.datetime(2021, 1, 1, 0, 0),
                                                             'end_time': datetime.datetime(2022, 12, 31, 0, 0)}},
                         'name': 'Tesla Stock Price Time Series Prediction',
                         'target_quoted_instrument': {'data_loading': {'data_loading_stategy': 'keep_local_save_remote',
                                                                       'local_data_loading': {'file_name': 'None'},
                                                                       'remote_data_loading': {'source_name': 'Yahoo! '
                                                                                                              'Finance',
                                                                                               'time_range': {'begin_time': datetime.datetime(2018, 1, 1, 0, 0),
                                                                                                              'end_time': datetime.datetime(2022, 12, 31, 0, 0)}}},
                                                      'data_transformation': {'clearing': ['fill_by_previous_timestamp'],
                                                                              'scaling': ['standardization'],
                                                                              'treatment': ['None']},
                                                      'description': 'Tesla, '
                                                                     'Inc. '
                                                                     'engages '
                                                                     'in the '
                                                                     'design, '
                                                                     'development, '
                                                                     'manufacture, '
                                                                     'and sale '
                                                                     'of fully '
                                                                     'electric '
                                                                     'vehicles '
                                                                     'and '
                                                                     'energy '
                                                                     'generation '
                                                                     'and '
                                                                     'storage '
                                                                     'systems.',
                                                      'name': 'Tesla, Inc.',
                                                      'ticker': 'TSLA'}}}}
2023-01-06 19:13:18,789 [MainThread  ] [INFO] {ConfigLoader} Loaded configuration models:
Config(research=Research(name='Tesla Stock Price Time Series Prediction', description='Based on the historical data of the Tesla stock prices and on other historical data of some quoted instruments (aka exogeneous variables).', machine_learning=MachineLearning(time_range=TimeRange(begin_time=datetime.datetime(2021, 1, 1, 0, 0), end_time=datetime.datetime(2022, 12, 31, 0, 0)), split_time=datetime.datetime(2022, 12, 20, 0, 0), cross_validation_strategy='sliding_window')))
2023-01-06 19:14:05,810 [MainThread  ] [INFO] {ConfigLoader} Found config file: ./config/config.yaml
2023-01-06 19:14:05,814 [MainThread  ] [INFO] {ConfigLoader} Loaded configuration:
{'config': {'research': {'description': 'Based on the historical data of the '
                                        'Tesla stock prices and on other '
                                        'historical data of some quoted '
                                        'instruments (aka exogeneous '
                                        'variables).',
                         'machine_learning': {'cross_validation_strategy': 'sliding_window',
                                              'split_time': datetime.datetime(2022, 12, 20, 0, 0),
                                              'time_range': {'begin_time': datetime.datetime(2021, 1, 1, 0, 0),
                                                             'end_time': datetime.datetime(2022, 12, 31, 0, 0)}},
                         'name': 'Tesla Stock Price Time Series Prediction',
                         'target_quoted_instrument': {'data_loading': {'data_loading_stategy': 'keep_local_save_remote',
                                                                       'local_data_loading': {'file_name': 'None'},
                                                                       'remote_data_loading': {'source_name': 'Yahoo! '
                                                                                                              'Finance',
                                                                                               'time_range': {'begin_time': datetime.datetime(2018, 1, 1, 0, 0),
                                                                                                              'end_time': datetime.datetime(2022, 12, 31, 0, 0)}}},
                                                      'data_transformation': {'clearing': ['fill_by_previous_timestamp'],
                                                                              'scaling': ['standardization'],
                                                                              'treatment': ['None']},
                                                      'description': 'Tesla, '
                                                                     'Inc. '
                                                                     'engages '
                                                                     'in the '
                                                                     'design, '
                                                                     'development, '
                                                                     'manufacture, '
                                                                     'and sale '
                                                                     'of fully '
                                                                     'electric '
                                                                     'vehicles '
                                                                     'and '
                                                                     'energy '
                                                                     'generation '
                                                                     'and '
                                                                     'storage '
                                                                     'systems.',
                                                      'name': 'Tesla, Inc.',
                                                      'ticker': 'TSLA'}}}}
2023-01-06 19:14:53,496 [MainThread  ] [INFO] {ConfigLoader} Found config file: ./config/config.yaml
2023-01-06 19:14:53,500 [MainThread  ] [INFO] {ConfigLoader} Loaded configuration:
{'config': {'research': {'description': 'Based on the historical data of the '
                                        'Tesla stock prices and on other '
                                        'historical data of some quoted '
                                        'instruments (aka exogeneous '
                                        'variables).',
                         'machine_learning': {'cross_validation_strategy': 'sliding_window',
                                              'split_time': datetime.datetime(2022, 12, 20, 0, 0),
                                              'time_range': {'begin_time': datetime.datetime(2021, 1, 1, 0, 0),
                                                             'end_time': datetime.datetime(2022, 12, 31, 0, 0)}},
                         'name': 'Tesla Stock Price Time Series Prediction',
                         'target_quoted_instrument': {'data_loading': {'data_loading_stategy': 'keep_local_save_remote',
                                                                       'local_data_loading': {'file_name': 'None'},
                                                                       'remote_data_loading': {'source_name': 'Yahoo! '
                                                                                                              'Finance',
                                                                                               'time_range': {'begin_time': datetime.datetime(2018, 1, 1, 0, 0),
                                                                                                              'end_time': datetime.datetime(2022, 12, 31, 0, 0)}}},
                                                      'data_transformation': {'clearing': ['fill_by_previous_timestamp'],
                                                                              'scaling': ['standardization'],
                                                                              'treatment': ['None']},
                                                      'description': 'Tesla, '
                                                                     'Inc. '
                                                                     'engages '
                                                                     'in the '
                                                                     'design, '
                                                                     'development, '
                                                                     'manufacture, '
                                                                     'and sale '
                                                                     'of fully '
                                                                     'electric '
                                                                     'vehicles '
                                                                     'and '
                                                                     'energy '
                                                                     'generation '
                                                                     'and '
                                                                     'storage '
                                                                     'systems.',
                                                      'name': 'Tesla, Inc.',
                                                      'ticker': 'TSLA'}}}}
2023-01-06 19:16:42,998 [MainThread  ] [INFO] {ConfigLoader} Found config file: ./config/config.yaml
2023-01-06 19:16:43,001 [MainThread  ] [INFO] {ConfigLoader} Loaded configuration:
{'config': {'research': {'description': 'Based on the historical data of the '
                                        'Tesla stock prices and on other '
                                        'historical data of some quoted '
                                        'instruments (aka exogeneous '
                                        'variables).',
                         'machine_learning': {'cross_validation_strategy': 'sliding_window',
                                              'split_time': datetime.datetime(2022, 12, 20, 0, 0),
                                              'time_range': {'begin_time': datetime.datetime(2021, 1, 1, 0, 0),
                                                             'end_time': datetime.datetime(2022, 12, 31, 0, 0)}},
                         'name': 'Tesla Stock Price Time Series Prediction',
                         'target_quoted_instrument': {'description': 'Tesla, '
                                                                     'Inc. '
                                                                     'engages '
                                                                     'in the '
                                                                     'design, '
                                                                     'development, '
                                                                     'manufacture, '
                                                                     'and sale '
                                                                     'of fully '
                                                                     'electric '
                                                                     'vehicles '
                                                                     'and '
                                                                     'energy '
                                                                     'generation '
                                                                     'and '
                                                                     'storage '
                                                                     'systems.',
                                                      'name': 'Tesla, Inc.',
                                                      'ticker': 'TSLA'}}}}
2023-01-06 19:17:26,840 [MainThread  ] [INFO] {ConfigLoader} Found config file: ./config/config.yaml
2023-01-06 19:17:26,843 [MainThread  ] [INFO] {ConfigLoader} Loaded configuration:
{'config': {'research': {'description': 'Based on the historical data of the '
                                        'Tesla stock prices and on other '
                                        'historical data of some quoted '
                                        'instruments (aka exogeneous '
                                        'variables).',
                         'machine_learning': {'cross_validation_strategy': 'sliding_window',
                                              'split_time': datetime.datetime(2022, 12, 20, 0, 0),
                                              'time_range': {'begin_time': datetime.datetime(2021, 1, 1, 0, 0),
                                                             'end_time': datetime.datetime(2022, 12, 31, 0, 0)}},
                         'name': 'Tesla Stock Price Time Series Prediction',
                         'target_quoted_instrument': {'description': 'Tesla '
                                                                     'Inc. '
                                                                     'engages '
                                                                     'in the '
                                                                     'design, '
                                                                     'development, '
                                                                     'manufacture, '
                                                                     'and sale '
                                                                     'of fully '
                                                                     'electric '
                                                                     'vehicles '
                                                                     'and '
                                                                     'energy '
                                                                     'generation '
                                                                     'and '
                                                                     'storage '
                                                                     'systems.',
                                                      'name': 'Tesla, Inc.',
                                                      'ticker': 'TSLA'}}}}
2023-01-06 19:17:42,354 [MainThread  ] [INFO] {ConfigLoader} Found config file: ./config/config.yaml
2023-01-06 19:17:42,357 [MainThread  ] [INFO] {ConfigLoader} Loaded configuration:
{'config': {'research': {'description': 'Based on the historical data of the '
                                        'Tesla stock prices and on other '
                                        'historical data of some quoted '
                                        'instruments (aka exogeneous '
                                        'variables).',
                         'machine_learning': {'cross_validation_strategy': 'sliding_window',
                                              'split_time': datetime.datetime(2022, 12, 20, 0, 0),
                                              'time_range': {'begin_time': datetime.datetime(2021, 1, 1, 0, 0),
                                                             'end_time': datetime.datetime(2022, 12, 31, 0, 0)}},
                         'name': 'Tesla Stock Price Time Series Prediction',
                         'target_quoted_instrument': {'description': 'Tesla, '
                                                                     'Inc. '
                                                                     'engages '
                                                                     'in the '
                                                                     'design, '
                                                                     'development, '
                                                                     'manufacture, '
                                                                     'and sale '
                                                                     'of fully '
                                                                     'electric '
                                                                     'vehicles '
                                                                     'and '
                                                                     'energy '
                                                                     'generation '
                                                                     'and '
                                                                     'storage '
                                                                     'systems.',
                                                      'name': 'Tesla, Inc.',
                                                      'ticker': 'TSLA'}}}}
2023-01-06 19:17:57,888 [MainThread  ] [INFO] {ConfigLoader} Found config file: ./config/config.yaml
2023-01-06 19:17:57,891 [MainThread  ] [INFO] {ConfigLoader} Loaded configuration:
{'config': {'research': {'description': 'Based on the historical data of the '
                                        'Tesla stock prices and on other '
                                        'historical data of some quoted '
                                        'instruments (aka exogeneous '
                                        'variables).',
                         'machine_learning': {'cross_validation_strategy': 'sliding_window',
                                              'split_time': datetime.datetime(2022, 12, 20, 0, 0),
                                              'time_range': {'begin_time': datetime.datetime(2021, 1, 1, 0, 0),
                                                             'end_time': datetime.datetime(2022, 12, 31, 0, 0)}},
                         'name': 'Tesla Stock Price Time Series Prediction',
                         'target_quoted_instrument': {'description': 'Tesla, '
                                                                     'Inc. '
                                                                     'engages '
                                                                     'in the '
                                                                     'design, '
                                                                     'development, '
                                                                     'manufacture, '
                                                                     'and sale '
                                                                     'of fully '
                                                                     'electric '
                                                                     'vehicles '
                                                                     'and '
                                                                     'energy '
                                                                     'generation '
                                                                     'and '
                                                                     'storage '
                                                                     'systems.',
                                                      'name': 'Tesla, Inc.',
                                                      'ticker': 'TSLA'}}}}
2023-01-06 19:18:04,974 [MainThread  ] [INFO] {ConfigLoader} Found config file: ./config/config.yaml
2023-01-06 19:18:04,977 [MainThread  ] [INFO] {ConfigLoader} Loaded configuration:
{'config': {'research': {'description': 'Based on the historical data of the '
                                        'Tesla stock prices and on other '
                                        'historical data of some quoted '
                                        'instruments (aka exogeneous '
                                        'variables).',
                         'machine_learning': {'cross_validation_strategy': 'sliding_window',
                                              'split_time': datetime.datetime(2022, 12, 20, 0, 0),
                                              'time_range': {'begin_time': datetime.datetime(2021, 1, 1, 0, 0),
                                                             'end_time': datetime.datetime(2022, 12, 31, 0, 0)}},
                         'name': 'Tesla Stock Price Time Series Prediction',
                         'target_quoted_instrument': {'description': 'Tesla, '
                                                                     'Inc. '
                                                                     'engages '
                                                                     'in the '
                                                                     'design, '
                                                                     'development, '
                                                                     'manufacture, '
                                                                     'and sale '
                                                                     'of fully '
                                                                     'electric '
                                                                     'vehicles '
                                                                     'and '
                                                                     'energy '
                                                                     'generation '
                                                                     'and '
                                                                     'storage '
                                                                     'systems.',
                                                      'name': 'Tesla, Inc.',
                                                      'ticker': 'TSLA'}}}}
2023-01-06 19:19:25,834 [MainThread  ] [INFO] {ConfigLoader} Found config file: ./config/config.yaml
2023-01-06 19:19:25,837 [MainThread  ] [INFO] {ConfigLoader} Loaded configuration:
{'config': {'research': {'description': 'Based on the historical data of the '
                                        'Tesla stock prices and on other '
                                        'historical data of some quoted '
                                        'instruments (aka exogeneous '
                                        'variables).',
                         'machine_learning': {'cross_validation_strategy': 'sliding_window',
                                              'split_time': datetime.datetime(2022, 12, 20, 0, 0),
                                              'time_range': {'begin_time': datetime.datetime(2021, 1, 1, 0, 0),
                                                             'end_time': datetime.datetime(2022, 12, 31, 0, 0)}},
                         'name': 'Tesla Stock Price Time Series Prediction',
                         'target_quoted_instrument': {'description': 'Tesla, '
                                                                     'Inc. '
                                                                     'engages '
                                                                     'in the '
                                                                     'design, '
                                                                     'development, '
                                                                     'manufacture, '
                                                                     'and sale '
                                                                     'of fully '
                                                                     'electric '
                                                                     'vehicles '
                                                                     'and '
                                                                     'energy '
                                                                     'generation '
                                                                     'and '
                                                                     'storage '
                                                                     'systems.',
                                                      'name': 'Tesla, Inc.',
                                                      'ticker': 'TSLA'}}}}
2023-01-06 19:19:25,837 [MainThread  ] [INFO] {ConfigLoader} Loaded configuration models:
Config(research=Research(name='Tesla Stock Price Time Series Prediction', description='Based on the historical data of the Tesla stock prices and on other historical data of some quoted instruments (aka exogeneous variables).', machine_learning=MachineLearning(time_range=TimeRange(begin_time=datetime.datetime(2021, 1, 1, 0, 0), end_time=datetime.datetime(2022, 12, 31, 0, 0)), split_time=datetime.datetime(2022, 12, 20, 0, 0), cross_validation_strategy='sliding_window'), target_quoted_instrument=QuotedInstrument(ticker='TSLA', name='Tesla, Inc.', description='Tesla, Inc. engages in the design, development, manufacture, and sale of fully electric vehicles and energy generation and storage systems.')))
2023-01-06 19:20:11,192 [MainThread  ] [INFO] {ConfigLoader} Found config file: ./config/config.yaml
2023-01-06 19:20:11,195 [MainThread  ] [INFO] {ConfigLoader} Loaded configuration:
{'config': {'research': {'description': 'Based on the historical data of the '
                                        'Tesla stock prices and on other '
                                        'historical data of some quoted '
                                        'instruments (aka exogeneous '
                                        'variables).',
                         'machine_learning': {'cross_validation_strategy': 'sliding_window',
                                              'split_time': datetime.datetime(2022, 12, 20, 0, 0),
                                              'time_range': {'begin_time': datetime.datetime(2021, 1, 1, 0, 0),
                                                             'end_time': datetime.datetime(2022, 12, 31, 0, 0)}},
                         'name': 'Tesla Stock Price Time Series Prediction',
                         'target_quoted_instrument': {'description': 'Tesla, '
                                                                     'Inc. '
                                                                     'engages '
                                                                     'in the '
                                                                     'design, '
                                                                     'development, '
                                                                     'manufacture, '
                                                                     'and sale '
                                                                     'of fully '
                                                                     'electric '
                                                                     'vehicles '
                                                                     'and '
                                                                     'energy '
                                                                     'generation '
                                                                     'and '
                                                                     'storage '
                                                                     'systems.',
                                                      'name': 'Tesla, Inc.',
                                                      'ticker': 'TSLA'}}}}
2023-01-06 19:20:11,195 [MainThread  ] [INFO] {ConfigLoader} Loaded configuration models:
research=Research(name='Tesla Stock Price Time Series Prediction', description='Based on the historical data of the Tesla stock prices and on other historical data of some quoted instruments (aka exogeneous variables).', machine_learning=MachineLearning(time_range=TimeRange(begin_time=datetime.datetime(2021, 1, 1, 0, 0), end_time=datetime.datetime(2022, 12, 31, 0, 0)), split_time=datetime.datetime(2022, 12, 20, 0, 0), cross_validation_strategy='sliding_window'), target_quoted_instrument=QuotedInstrument(ticker='TSLA', name='Tesla, Inc.', description='Tesla, Inc. engages in the design, development, manufacture, and sale of fully electric vehicles and energy generation and storage systems.'))
2023-01-06 19:21:48,033 [MainThread  ] [INFO] {ConfigLoader} Found config file: ./config/config.yaml
2023-01-06 19:21:48,037 [MainThread  ] [INFO] {ConfigLoader} Loaded configuration:
{'config': {'research': {'description': 'Based on the historical data of the '
                                        'Tesla stock prices and on other '
                                        'historical data of some quoted '
                                        'instruments (aka exogeneous '
                                        'variables).',
                         'machine_learning': {'cross_validation_strategy': 'sliding_window',
                                              'split_time': datetime.datetime(2022, 12, 20, 0, 0),
                                              'time_range': {'begin_time': datetime.datetime(2021, 1, 1, 0, 0),
                                                             'end_time': datetime.datetime(2022, 12, 31, 0, 0)}},
                         'name': 'Tesla Stock Price Time Series Prediction',
                         'target_quoted_instrument': {'data_loading': {'data_loading_stategy': 'keep_local_save_remote',
                                                                       'local_data_loading': {'file_name': 'None'},
                                                                       'remote_data_loading': {'source_name': 'Yahoo! '
                                                                                                              'Finance',
                                                                                               'time_range': {'begin_time': datetime.datetime(2018, 1, 1, 0, 0),
                                                                                                              'end_time': datetime.datetime(2022, 12, 31, 0, 0)}}},
                                                      'data_transformation': {'clearing': ['fill_by_previous_timestamp'],
                                                                              'scaling': ['standardization'],
                                                                              'treatment': ['None']},
                                                      'description': 'Tesla, '
                                                                     'Inc. '
                                                                     'engages '
                                                                     'in the '
                                                                     'design, '
                                                                     'development, '
                                                                     'manufacture, '
                                                                     'and sale '
                                                                     'of fully '
                                                                     'electric '
                                                                     'vehicles '
                                                                     'and '
                                                                     'energy '
                                                                     'generation '
                                                                     'and '
                                                                     'storage '
                                                                     'systems.',
                                                      'name': 'Tesla, Inc.',
                                                      'ticker': 'TSLA'}}}}
2023-01-06 19:21:48,037 [MainThread  ] [INFO] {ConfigLoader} Loaded configuration models:
research=Research(name='Tesla Stock Price Time Series Prediction', description='Based on the historical data of the Tesla stock prices and on other historical data of some quoted instruments (aka exogeneous variables).', machine_learning=MachineLearning(time_range=TimeRange(begin_time=datetime.datetime(2021, 1, 1, 0, 0), end_time=datetime.datetime(2022, 12, 31, 0, 0)), split_time=datetime.datetime(2022, 12, 20, 0, 0), cross_validation_strategy='sliding_window'), target_quoted_instrument=QuotedInstrument(ticker='TSLA', name='Tesla, Inc.', description='Tesla, Inc. engages in the design, development, manufacture, and sale of fully electric vehicles and energy generation and storage systems.', data_loading=DataLoading(data_loading_stategy='keep_local_save_remote', remote_data_loading=RemoteDataLoading(source_name='Yahoo! Finance', time_range=TimeRange(begin_time=datetime.datetime(2018, 1, 1, 0, 0), end_time=datetime.datetime(2022, 12, 31, 0, 0))), local_data_loading=LocalDataLoading(file_name='None')), data_transformation=DataTransformation(clearing=['fill_by_previous_timestamp'], treatment=['None'], scaling=['standardization'])))
2023-01-06 19:23:39,010 [MainThread  ] [INFO] {ConfigLoader} Found config file: ./config/config.yaml
2023-01-06 19:23:39,015 [MainThread  ] [INFO] {ConfigLoader} Loaded configuration:
{'config': {'research': {'description': 'Based on the historical data of the '
                                        'Tesla stock prices and on other '
                                        'historical data of some quoted '
                                        'instruments (aka exogeneous '
                                        'variables).',
                         'machine_learning': {'cross_validation_strategy': 'sliding_window',
                                              'split_time': datetime.datetime(2022, 12, 20, 0, 0),
                                              'time_range': {'begin_time': datetime.datetime(2021, 1, 1, 0, 0),
                                                             'end_time': datetime.datetime(2022, 12, 31, 0, 0)}},
                         'name': 'Tesla Stock Price Time Series Prediction',
                         'quoted_instruments': [{'data_loading': {'data_loading_stategy': 'keep_old_local_save_remote_replace',
                                                                  'local_data_loading': {'file_name': 'None'},
                                                                  'remote_data_loading': {'begin_timestamp': datetime.datetime(2018, 1, 1, 0, 0),
                                                                                          'end_timestamp': datetime.datetime(2022, 12, 31, 0, 0),
                                                                                          'source_name': 'Yahoo! '
                                                                                                         'Finance'}},
                                                 'data_transformation': {'clearing': ['fill_by_previous_timestamp'],
                                                                         'scaling': ['standardization'],
                                                                         'treatment': ['dimentionality_reduction_OHLC']},
                                                 'description': 'The index of '
                                                                "today's "
                                                                'modern-day '
                                                                'industrials—comprised '
                                                                'of 100 of the '
                                                                'largest and '
                                                                'most '
                                                                'innovative '
                                                                'non-financial '
                                                                'companies '
                                                                'listed on the '
                                                                'Nasdaq Stock '
                                                                'Market based '
                                                                'on market '
                                                                'capitalization.',
                                                 'name': 'NASDAQ-100',
                                                 'ticker': '^NDX'}],
                         'target_quoted_instrument': {'data_loading': {'data_loading_stategy': 'keep_local_save_remote',
                                                                       'local_data_loading': {'file_name': 'None'},
                                                                       'remote_data_loading': {'source_name': 'Yahoo! '
                                                                                                              'Finance',
                                                                                               'time_range': {'begin_time': datetime.datetime(2018, 1, 1, 0, 0),
                                                                                                              'end_time': datetime.datetime(2022, 12, 31, 0, 0)}}},
                                                      'data_transformation': {'clearing': ['fill_by_previous_timestamp'],
                                                                              'scaling': ['standardization'],
                                                                              'treatment': ['None']},
                                                      'description': 'Tesla, '
                                                                     'Inc. '
                                                                     'engages '
                                                                     'in the '
                                                                     'design, '
                                                                     'development, '
                                                                     'manufacture, '
                                                                     'and sale '
                                                                     'of fully '
                                                                     'electric '
                                                                     'vehicles '
                                                                     'and '
                                                                     'energy '
                                                                     'generation '
                                                                     'and '
                                                                     'storage '
                                                                     'systems.',
                                                      'name': 'Tesla, Inc.',
                                                      'ticker': 'TSLA'}}}}
2023-01-06 19:24:24,828 [MainThread  ] [INFO] {ConfigLoader} Found config file: ./config/config.yaml
2023-01-06 19:24:24,833 [MainThread  ] [INFO] {ConfigLoader} Loaded configuration:
{'config': {'research': {'description': 'Based on the historical data of the '
                                        'Tesla stock prices and on other '
                                        'historical data of some quoted '
                                        'instruments (aka exogeneous '
                                        'variables).',
                         'machine_learning': {'cross_validation_strategy': 'sliding_window',
                                              'split_time': datetime.datetime(2022, 12, 20, 0, 0),
                                              'time_range': {'begin_time': datetime.datetime(2021, 1, 1, 0, 0),
                                                             'end_time': datetime.datetime(2022, 12, 31, 0, 0)}},
                         'name': 'Tesla Stock Price Time Series Prediction',
                         'quoted_instruments': [{'data_loading': {'data_loading_stategy': 'keep_old_local_save_remote_replace',
                                                                  'local_data_loading': {'file_name': 'None'},
                                                                  'remote_data_loading': {'source_name': 'Yahoo! '
                                                                                                         'Finance',
                                                                                          'time_range': {'begin_time': datetime.datetime(2018, 1, 1, 0, 0),
                                                                                                         'end_time': datetime.datetime(2022, 12, 31, 0, 0)}}},
                                                 'data_transformation': {'clearing': ['fill_by_previous_timestamp'],
                                                                         'scaling': ['standardization'],
                                                                         'treatment': ['dimentionality_reduction_OHLC']},
                                                 'description': 'The index of '
                                                                "today's "
                                                                'modern-day '
                                                                'industrials—comprised '
                                                                'of 100 of the '
                                                                'largest and '
                                                                'most '
                                                                'innovative '
                                                                'non-financial '
                                                                'companies '
                                                                'listed on the '
                                                                'Nasdaq Stock '
                                                                'Market based '
                                                                'on market '
                                                                'capitalization.',
                                                 'name': 'NASDAQ-100',
                                                 'ticker': '^NDX'}],
                         'target_quoted_instrument': {'data_loading': {'data_loading_stategy': 'keep_local_save_remote',
                                                                       'local_data_loading': {'file_name': 'None'},
                                                                       'remote_data_loading': {'source_name': 'Yahoo! '
                                                                                                              'Finance',
                                                                                               'time_range': {'begin_time': datetime.datetime(2018, 1, 1, 0, 0),
                                                                                                              'end_time': datetime.datetime(2022, 12, 31, 0, 0)}}},
                                                      'data_transformation': {'clearing': ['fill_by_previous_timestamp'],
                                                                              'scaling': ['standardization'],
                                                                              'treatment': ['None']},
                                                      'description': 'Tesla, '
                                                                     'Inc. '
                                                                     'engages '
                                                                     'in the '
                                                                     'design, '
                                                                     'development, '
                                                                     'manufacture, '
                                                                     'and sale '
                                                                     'of fully '
                                                                     'electric '
                                                                     'vehicles '
                                                                     'and '
                                                                     'energy '
                                                                     'generation '
                                                                     'and '
                                                                     'storage '
                                                                     'systems.',
                                                      'name': 'Tesla, Inc.',
                                                      'ticker': 'TSLA'}}}}
2023-01-06 19:24:24,834 [MainThread  ] [INFO] {ConfigLoader} Loaded configuration models:
research=Research(name='Tesla Stock Price Time Series Prediction', description='Based on the historical data of the Tesla stock prices and on other historical data of some quoted instruments (aka exogeneous variables).', machine_learning=MachineLearning(time_range=TimeRange(begin_time=datetime.datetime(2021, 1, 1, 0, 0), end_time=datetime.datetime(2022, 12, 31, 0, 0)), split_time=datetime.datetime(2022, 12, 20, 0, 0), cross_validation_strategy='sliding_window'), target_quoted_instrument=QuotedInstrument(ticker='TSLA', name='Tesla, Inc.', description='Tesla, Inc. engages in the design, development, manufacture, and sale of fully electric vehicles and energy generation and storage systems.', data_loading=DataLoading(data_loading_stategy='keep_local_save_remote', remote_data_loading=RemoteDataLoading(source_name='Yahoo! Finance', time_range=TimeRange(begin_time=datetime.datetime(2018, 1, 1, 0, 0), end_time=datetime.datetime(2022, 12, 31, 0, 0))), local_data_loading=LocalDataLoading(file_name='None')), data_transformation=DataTransformation(clearing=['fill_by_previous_timestamp'], treatment=['None'], scaling=['standardization'])), quoted_instruments=[QuotedInstrument(ticker='^NDX', name='NASDAQ-100', description="The index of today's modern-day industrials—comprised of 100 of the largest and most innovative non-financial companies listed on the Nasdaq Stock Market based on market capitalization.", data_loading=DataLoading(data_loading_stategy='keep_old_local_save_remote_replace', remote_data_loading=RemoteDataLoading(source_name='Yahoo! Finance', time_range=TimeRange(begin_time=datetime.datetime(2018, 1, 1, 0, 0), end_time=datetime.datetime(2022, 12, 31, 0, 0))), local_data_loading=LocalDataLoading(file_name='None')), data_transformation=DataTransformation(clearing=['fill_by_previous_timestamp'], treatment=['dimentionality_reduction_OHLC'], scaling=['standardization']))])
2023-01-06 19:25:00,787 [MainThread  ] [INFO] {ConfigLoader} Found config file: ./config/config.yaml
2023-01-06 19:25:39,473 [MainThread  ] [INFO] {ConfigLoader} Found config file: ./config/config.yaml
2023-01-06 19:25:39,479 [MainThread  ] [INFO] {ConfigLoader} Loaded configuration:
{'config': {'research': {'description': 'Based on the historical data of the '
                                        'Tesla stock prices and on other '
                                        'historical data of some quoted '
                                        'instruments (aka exogeneous '
                                        'variables).',
                         'machine_learning': {'cross_validation_strategy': 'sliding_window',
                                              'split_time': datetime.datetime(2022, 12, 20, 0, 0),
                                              'time_range': {'begin_time': datetime.datetime(2021, 1, 1, 0, 0),
                                                             'end_time': datetime.datetime(2022, 12, 31, 0, 0)}},
                         'name': 'Tesla Stock Price Time Series Prediction',
                         'quoted_instruments': [{'data_loading': {'data_loading_stategy': 'keep_old_local_save_remote_replace',
                                                                  'local_data_loading': {'file_name': 'None'},
                                                                  'remote_data_loading': {'source_name': 'Yahoo! '
                                                                                                         'Finance',
                                                                                          'time_range': {'begin_time': datetime.datetime(2018, 1, 1, 0, 0),
                                                                                                         'end_time': datetime.datetime(2022, 12, 31, 0, 0)}}},
                                                 'data_transformation': {'clearing': ['fill_by_previous_timestamp'],
                                                                         'scaling': ['standardization'],
                                                                         'treatment': ['dimentionality_reduction_OHLC']},
                                                 'description': 'The index of '
                                                                "today's "
                                                                'modern-day '
                                                                'industrials—comprised '
                                                                'of 100 of the '
                                                                'largest and '
                                                                'most '
                                                                'innovative '
                                                                'non-financial '
                                                                'companies '
                                                                'listed on the '
                                                                'Nasdaq Stock '
                                                                'Market based '
                                                                'on market '
                                                                'capitalization.',
                                                 'name': 'NASDAQ-100',
                                                 'ticker': '^NDX'},
                                                {'data_loading': {'data_loading_stategy': 'keep_old_local_save_remote_replace',
                                                                  'local_data_loading': {'file_name': 'None'},
                                                                  'remote_data_loading': {'source_name': 'Yahoo! '
                                                                                                         'Finance',
                                                                                          'time_range': {'begin_time': datetime.datetime(2018, 1, 1, 0, 0),
                                                                                                         'end_time': datetime.datetime(2022, 12, 31, 0, 0)}}},
                                                 'data_transformation': {'clearing': ['fill_by_previous_timestamp'],
                                                                         'scaling': ['standardization'],
                                                                         'treatment': ['dimentionality_reduction_OHLC']},
                                                 'description': 'VanEck Rare '
                                                                'Earth/Strategic '
                                                                'Metals ETF '
                                                                '(REMX®) seeks '
                                                                'to replicate '
                                                                'as closely as '
                                                                'possible, '
                                                                'before fees '
                                                                'and expenses, '
                                                                'the price and '
                                                                'yield '
                                                                'performance '
                                                                'of the '
                                                                'MVIS®Global '
                                                                'Rare '
                                                                'Earth/Strategic '
                                                                'Metals Index '
                                                                '(MVREMXTR), '
                                                                'which is '
                                                                'intended to '
                                                                'track the '
                                                                'overall '
                                                                'performance '
                                                                'of companies '
                                                                'involved in '
                                                                'producing, '
                                                                'refining, and '
                                                                'recycling of '
                                                                'rare earth '
                                                                'and strategic '
                                                                'metals and '
                                                                'minerals.',
                                                 'name': 'VanEck Rare '
                                                         'Earth/Strategic '
                                                         'Metals ETF',
                                                 'ticker': 'REMX'}],
                         'target_quoted_instrument': {'data_loading': {'data_loading_stategy': 'keep_local_save_remote',
                                                                       'local_data_loading': {'file_name': 'None'},
                                                                       'remote_data_loading': {'source_name': 'Yahoo! '
                                                                                                              'Finance',
                                                                                               'time_range': {'begin_time': datetime.datetime(2018, 1, 1, 0, 0),
                                                                                                              'end_time': datetime.datetime(2022, 12, 31, 0, 0)}}},
                                                      'data_transformation': {'clearing': ['fill_by_previous_timestamp'],
                                                                              'scaling': ['standardization'],
                                                                              'treatment': ['None']},
                                                      'description': 'Tesla, '
                                                                     'Inc. '
                                                                     'engages '
                                                                     'in the '
                                                                     'design, '
                                                                     'development, '
                                                                     'manufacture, '
                                                                     'and sale '
                                                                     'of fully '
                                                                     'electric '
                                                                     'vehicles '
                                                                     'and '
                                                                     'energy '
                                                                     'generation '
                                                                     'and '
                                                                     'storage '
                                                                     'systems.',
                                                      'name': 'Tesla, Inc.',
                                                      'ticker': 'TSLA'}}}}
2023-01-06 19:25:39,479 [MainThread  ] [INFO] {ConfigLoader} Loaded configuration models:
research=Research(name='Tesla Stock Price Time Series Prediction', description='Based on the historical data of the Tesla stock prices and on other historical data of some quoted instruments (aka exogeneous variables).', machine_learning=MachineLearning(time_range=TimeRange(begin_time=datetime.datetime(2021, 1, 1, 0, 0), end_time=datetime.datetime(2022, 12, 31, 0, 0)), split_time=datetime.datetime(2022, 12, 20, 0, 0), cross_validation_strategy='sliding_window'), target_quoted_instrument=QuotedInstrument(ticker='TSLA', name='Tesla, Inc.', description='Tesla, Inc. engages in the design, development, manufacture, and sale of fully electric vehicles and energy generation and storage systems.', data_loading=DataLoading(data_loading_stategy='keep_local_save_remote', remote_data_loading=RemoteDataLoading(source_name='Yahoo! Finance', time_range=TimeRange(begin_time=datetime.datetime(2018, 1, 1, 0, 0), end_time=datetime.datetime(2022, 12, 31, 0, 0))), local_data_loading=LocalDataLoading(file_name='None')), data_transformation=DataTransformation(clearing=['fill_by_previous_timestamp'], treatment=['None'], scaling=['standardization'])), quoted_instruments=[QuotedInstrument(ticker='^NDX', name='NASDAQ-100', description="The index of today's modern-day industrials—comprised of 100 of the largest and most innovative non-financial companies listed on the Nasdaq Stock Market based on market capitalization.", data_loading=DataLoading(data_loading_stategy='keep_old_local_save_remote_replace', remote_data_loading=RemoteDataLoading(source_name='Yahoo! Finance', time_range=TimeRange(begin_time=datetime.datetime(2018, 1, 1, 0, 0), end_time=datetime.datetime(2022, 12, 31, 0, 0))), local_data_loading=LocalDataLoading(file_name='None')), data_transformation=DataTransformation(clearing=['fill_by_previous_timestamp'], treatment=['dimentionality_reduction_OHLC'], scaling=['standardization'])), QuotedInstrument(ticker='REMX', name='VanEck Rare Earth/Strategic Metals ETF', description='VanEck Rare Earth/Strategic Metals ETF (REMX®) seeks to replicate as closely as possible, before fees and expenses, the price and yield performance of the MVIS®Global Rare Earth/Strategic Metals Index (MVREMXTR), which is intended to track the overall performance of companies involved in producing, refining, and recycling of rare earth and strategic metals and minerals.', data_loading=DataLoading(data_loading_stategy='keep_old_local_save_remote_replace', remote_data_loading=RemoteDataLoading(source_name='Yahoo! Finance', time_range=TimeRange(begin_time=datetime.datetime(2018, 1, 1, 0, 0), end_time=datetime.datetime(2022, 12, 31, 0, 0))), local_data_loading=LocalDataLoading(file_name='None')), data_transformation=DataTransformation(clearing=['fill_by_previous_timestamp'], treatment=['dimentionality_reduction_OHLC'], scaling=['standardization']))])
